<?xml version="1.0" encoding="UTF-8"?>
<!-- Generated by org.testng.reporters.JUnitReportReporter -->
<testsuite skipped="0" hostname="IN45204314W2" name="com.sample.qa.testcases.LoginPageTest" tests="1" failures="0" timestamp="23 Sep 2018 16:12:53 GMT" time="0.031" errors="0">
  <testcase name="LoginPageTest" time="0.031" classname="com.sample.qa.testcases.LoginPageTest"/>
</testsuite> <!-- com.sample.qa.testcases.LoginPageTest -->
